PREHOOK: query: -- SORT_QUERY_RESULTS

CREATE TABLE T1(key STRING, val STRING) STORED AS TEXTFILE
PREHOOK: type: CREATETABLE
PREHOOK: Output: database:default
PREHOOK: Output: default@T1
POSTHOOK: query: -- SORT_QUERY_RESULTS

CREATE TABLE T1(key STRING, val STRING) STORED AS TEXTFILE
POSTHOOK: type: CREATETABLE
POSTHOOK: Output: database:default
POSTHOOK: Output: default@T1
PREHOOK: query: CREATE TABLE T2(key STRING, val STRING) STORED AS TEXTFILE
PREHOOK: type: CREATETABLE
PREHOOK: Output: database:default
PREHOOK: Output: default@T2
POSTHOOK: query: CREATE TABLE T2(key STRING, val STRING) STORED AS TEXTFILE
POSTHOOK: type: CREATETABLE
POSTHOOK: Output: database:default
POSTHOOK: Output: default@T2
PREHOOK: query: CREATE TABLE T3(key STRING, val STRING) STORED AS TEXTFILE
PREHOOK: type: CREATETABLE
PREHOOK: Output: database:default
PREHOOK: Output: default@T3
POSTHOOK: query: CREATE TABLE T3(key STRING, val STRING) STORED AS TEXTFILE
POSTHOOK: type: CREATETABLE
POSTHOOK: Output: database:default
POSTHOOK: Output: default@T3
PREHOOK: query: CREATE TABLE T4(key STRING, val STRING) STORED AS TEXTFILE
PREHOOK: type: CREATETABLE
PREHOOK: Output: database:default
PREHOOK: Output: default@T4
POSTHOOK: query: CREATE TABLE T4(key STRING, val STRING) STORED AS TEXTFILE
POSTHOOK: type: CREATETABLE
POSTHOOK: Output: database:default
POSTHOOK: Output: default@T4
PREHOOK: query: CREATE TABLE dest_j1(key INT, value STRING) STORED AS TEXTFILE
PREHOOK: type: CREATETABLE
PREHOOK: Output: database:default
PREHOOK: Output: default@dest_j1
POSTHOOK: query: CREATE TABLE dest_j1(key INT, value STRING) STORED AS TEXTFILE
POSTHOOK: type: CREATETABLE
POSTHOOK: Output: database:default
POSTHOOK: Output: default@dest_j1
PREHOOK: query: LOAD DATA LOCAL INPATH '../../data/files/T1.txt' INTO TABLE T1
PREHOOK: type: LOAD
PREHOOK: Input: file:/Users/selinaz/dev/branch-1.2-skewjoinNPE/hive/data/files/T1.txt
PREHOOK: Output: default@t1
POSTHOOK: query: LOAD DATA LOCAL INPATH '../../data/files/T1.txt' INTO TABLE T1
POSTHOOK: type: LOAD
POSTHOOK: Input: file:/Users/selinaz/dev/branch-1.2-skewjoinNPE/hive/data/files/T1.txt
POSTHOOK: Output: default@t1
PREHOOK: query: LOAD DATA LOCAL INPATH '../../data/files/T2.txt' INTO TABLE T2
PREHOOK: type: LOAD
PREHOOK: Input: file:/Users/selinaz/dev/branch-1.2-skewjoinNPE/hive/data/files/T2.txt
PREHOOK: Output: default@t2
POSTHOOK: query: LOAD DATA LOCAL INPATH '../../data/files/T2.txt' INTO TABLE T2
POSTHOOK: type: LOAD
POSTHOOK: Input: file:/Users/selinaz/dev/branch-1.2-skewjoinNPE/hive/data/files/T2.txt
POSTHOOK: Output: default@t2
PREHOOK: query: LOAD DATA LOCAL INPATH '../../data/files/T3.txt' INTO TABLE T3
PREHOOK: type: LOAD
PREHOOK: Input: file:/Users/selinaz/dev/branch-1.2-skewjoinNPE/hive/data/files/T3.txt
PREHOOK: Output: default@t3
POSTHOOK: query: LOAD DATA LOCAL INPATH '../../data/files/T3.txt' INTO TABLE T3
POSTHOOK: type: LOAD
POSTHOOK: Input: file:/Users/selinaz/dev/branch-1.2-skewjoinNPE/hive/data/files/T3.txt
POSTHOOK: Output: default@t3
PREHOOK: query: LOAD DATA LOCAL INPATH '../../data/files/T1.txt' INTO TABLE T4
PREHOOK: type: LOAD
PREHOOK: Input: file:/Users/selinaz/dev/branch-1.2-skewjoinNPE/hive/data/files/T1.txt
PREHOOK: Output: default@t4
POSTHOOK: query: LOAD DATA LOCAL INPATH '../../data/files/T1.txt' INTO TABLE T4
POSTHOOK: type: LOAD
POSTHOOK: Input: file:/Users/selinaz/dev/branch-1.2-skewjoinNPE/hive/data/files/T1.txt
POSTHOOK: Output: default@t4
PREHOOK: query: EXPLAIN
FROM src src1 JOIN src src2 ON (src1.key = src2.key)
INSERT OVERWRITE TABLE dest_j1 SELECT src1.key, src2.value
PREHOOK: type: QUERY
POSTHOOK: query: EXPLAIN
FROM src src1 JOIN src src2 ON (src1.key = src2.key)
INSERT OVERWRITE TABLE dest_j1 SELECT src1.key, src2.value
POSTHOOK: type: QUERY
STAGE DEPENDENCIES:
  Stage-5 is a root stage
  Stage-6 depends on stages: Stage-5
  Stage-4 depends on stages: Stage-5
  Stage-1 depends on stages: Stage-5
  Stage-2 depends on stages: Stage-1
  Stage-0 depends on stages: Stage-2
  Stage-3 depends on stages: Stage-0

STAGE PLANS:
  Stage: Stage-5
    Tez
      Edges:
        Reducer 2 <- Map 1 (SIMPLE_EDGE)
      DagName: selinaz_20170404133748_33e49e21-337c-4045-9ed5-d607bbf83df1:32
      Vertices:
        Map 1 
            Map Operator Tree:
                TableScan
                  alias: src
                  Statistics: Num rows: 500 Data size: 5312 Basic stats: COMPLETE Column stats: NONE
                  Filter Operator
                    predicate: (((hash(rand()) & 2147483647) % 200) = 0) (type: boolean)
                    Statistics: Num rows: 250 Data size: 2656 Basic stats: COMPLETE Column stats: NONE
                    Group By Operator
                      aggregations: count(1)
                      keys: key (type: string)
                      mode: hash
                      outputColumnNames: _col0, _col1
                      Statistics: Num rows: 250 Data size: 2656 Basic stats: COMPLETE Column stats: NONE
                      Reduce Output Operator
                        key expressions: _col0 (type: string)
                        sort order: +
                        Map-reduce partition columns: _col0 (type: string)
                        Statistics: Num rows: 250 Data size: 2656 Basic stats: COMPLETE Column stats: NONE
                        value expressions: _col1 (type: bigint)
        Reducer 2 
            Reduce Operator Tree:
              Group By Operator
                aggregations: count(VALUE._col0)
                keys: KEY._col0 (type: string)
                mode: mergepartial
                outputColumnNames: _col0, _col1
                Statistics: Num rows: 125 Data size: 1328 Basic stats: COMPLETE Column stats: NONE
                Filter Operator
                  predicate: (ceil((_col1 / 0.01)) > 1) (type: boolean)
                  Statistics: Num rows: 41 Data size: 435 Basic stats: COMPLETE Column stats: NONE
                  Select Operator
                    expressions: _col0 (type: string), _col1 (type: bigint), ceil((_col1 / 0.01)) (type: bigint)
                    outputColumnNames: _col0, _col1, _col2
                    Statistics: Num rows: 41 Data size: 435 Basic stats: COMPLETE Column stats: NONE
                    File Output Operator
                      compressed: false
                      Statistics: Num rows: 41 Data size: 435 Basic stats: COMPLETE Column stats: NONE
                      table:
                          input format: org.apache.hadoop.mapred.TextInputFormat
                          output format: org.apache.hadoop.hive.ql.io.HiveIgnoreKeyTextOutputFormat
                          serde: org.apache.hadoop.hive.serde2.lazy.LazySimpleSerDe
            Execution mode: vectorized

  Stage: Stage-6
    Dependency Collection

  Stage: Stage-4
    Move Operator
      files:
          hdfs directory: true
          destination: hdfs://localhost:58980/Users/selinaz/dev/branch-1.2-skewjoinNPE/hive/itests/qtest/target/tmp/scratchdir/selinaz/170f7c03-641b-42dc-81f8-671b7f83bd03/hive_2017-04-04_13-37-48_323_6380028003111904708-1/-mr-10001/distkeys

  Stage: Stage-1
    Tez
      Edges:
        Reducer 2 <- Map 1 (SIMPLE_EDGE), Map 3 (SIMPLE_EDGE)
      DagName: selinaz_20170404133748_56b36ef4-ded4-451a-aa2a-b0e407e37c92:31
      Vertices:
        Map 1 
            Map Operator Tree:
                TableScan
                  alias: src1
                  Statistics: Num rows: 500 Data size: 5312 Basic stats: COMPLETE Column stats: NONE
                  Filter Operator
                    predicate: key is not null (type: boolean)
                    Statistics: Num rows: 250 Data size: 2656 Basic stats: COMPLETE Column stats: NONE
                    Select Operator
                      expressions: key (type: string), value (type: string)
                      outputColumnNames: _col0, _col1
                      Statistics: Num rows: 250 Data size: 2656 Basic stats: COMPLETE Column stats: NONE
                      Reduce Output Operator
                        key expressions: _col0 (type: string)
                        sort order: +
                        Map-reduce partition columns: _col0 (type: string)
                        Statistics: Num rows: 250 Data size: 2656 Basic stats: COMPLETE Column stats: NONE
                        value expressions: _col1 (type: string)
        Map 3 
            Map Operator Tree:
                TableScan
                  alias: src1
                  Statistics: Num rows: 500 Data size: 5312 Basic stats: COMPLETE Column stats: NONE
                  Filter Operator
                    predicate: key is not null (type: boolean)
                    Statistics: Num rows: 250 Data size: 2656 Basic stats: COMPLETE Column stats: NONE
                    Select Operator
                      expressions: key (type: string)
                      outputColumnNames: _col0
                      Statistics: Num rows: 250 Data size: 2656 Basic stats: COMPLETE Column stats: NONE
                      Reduce Output Operator
                        key expressions: _col0 (type: string)
                        sort order: +
                        Map-reduce partition columns: _col0 (type: string)
                        Statistics: Num rows: 250 Data size: 2656 Basic stats: COMPLETE Column stats: NONE
        Reducer 2 
            Reduce Operator Tree:
              Merge Join Operator
                condition map:
                     Inner Join 0 to 1
                keys:
                  0 _col0 (type: string)
                  1 _col0 (type: string)
                outputColumnNames: _col1, _col2
                Statistics: Num rows: 275 Data size: 2921 Basic stats: COMPLETE Column stats: NONE
                Select Operator
                  expressions: UDFToInteger(_col2) (type: int), _col1 (type: string)
                  outputColumnNames: _col0, _col1
                  Statistics: Num rows: 275 Data size: 2921 Basic stats: COMPLETE Column stats: NONE
                  File Output Operator
                    compressed: false
                    Statistics: Num rows: 275 Data size: 2921 Basic stats: COMPLETE Column stats: NONE
                    table:
                        input format: org.apache.hadoop.mapred.TextInputFormat
                        output format: org.apache.hadoop.hive.ql.io.HiveIgnoreKeyTextOutputFormat
                        serde: org.apache.hadoop.hive.serde2.lazy.LazySimpleSerDe
                        name: default.dest_j1

  Stage: Stage-2
    Dependency Collection

  Stage: Stage-0
    Move Operator
      tables:
          replace: true
          table:
              input format: org.apache.hadoop.mapred.TextInputFormat
              output format: org.apache.hadoop.hive.ql.io.HiveIgnoreKeyTextOutputFormat
              serde: org.apache.hadoop.hive.serde2.lazy.LazySimpleSerDe
              name: default.dest_j1

  Stage: Stage-3
    Stats-Aggr Operator

PREHOOK: query: FROM src src1 JOIN src src2 ON (src1.key = src2.key)
INSERT OVERWRITE TABLE dest_j1 SELECT src1.key, src2.value
PREHOOK: type: QUERY
PREHOOK: Input: default@src
PREHOOK: Output: default@dest_j1
POSTHOOK: query: FROM src src1 JOIN src src2 ON (src1.key = src2.key)
INSERT OVERWRITE TABLE dest_j1 SELECT src1.key, src2.value
POSTHOOK: type: QUERY
POSTHOOK: Input: default@src
POSTHOOK: Output: default@dest_j1
PREHOOK: query: SELECT sum(hash(key)), sum(hash(value)) FROM dest_j1
PREHOOK: type: QUERY
PREHOOK: Input: default@dest_j1
PREHOOK: Output: hdfs://localhost:58980/Users/selinaz/dev/branch-1.2-skewjoinNPE/hive/itests/qtest/target/tmp/scratchdir/selinaz/170f7c03-641b-42dc-81f8-671b7f83bd03/hive_2017-04-04_13-38-07_881_2743915442722051583-1/-mr-10001
POSTHOOK: query: SELECT sum(hash(key)), sum(hash(value)) FROM dest_j1
POSTHOOK: type: QUERY
POSTHOOK: Input: default@dest_j1
POSTHOOK: Output: hdfs://localhost:58980/Users/selinaz/dev/branch-1.2-skewjoinNPE/hive/itests/qtest/target/tmp/scratchdir/selinaz/170f7c03-641b-42dc-81f8-671b7f83bd03/hive_2017-04-04_13-38-07_881_2743915442722051583-1/-mr-10001
278697	101852390308
PREHOOK: query: EXPLAIN
SELECT /*+ STREAMTABLE(a) */ *
FROM T1 a JOIN T2 b ON a.key = b.key
          JOIN T3 c ON b.key = c.key
          JOIN T4 d ON c.key = d.key
PREHOOK: type: QUERY
POSTHOOK: query: EXPLAIN
SELECT /*+ STREAMTABLE(a) */ *
FROM T1 a JOIN T2 b ON a.key = b.key
          JOIN T3 c ON b.key = c.key
          JOIN T4 d ON c.key = d.key
POSTHOOK: type: QUERY
STAGE DEPENDENCIES:
  Stage-4 is a root stage
  Stage-5 depends on stages: Stage-4
  Stage-3 depends on stages: Stage-4
  Stage-1 depends on stages: Stage-4
  Stage-0 depends on stages: Stage-1

STAGE PLANS:
  Stage: Stage-4
    Tez
      Edges:
        Reducer 2 <- Map 1 (SIMPLE_EDGE)
      DagName: selinaz_20170404133809_3b81599e-be52-48ca-a174-2fc89abcee51:37
      Vertices:
        Map 1 
            Map Operator Tree:
                TableScan
                  alias: t1
                  Statistics: Num rows: 1 Data size: 30 Basic stats: COMPLETE Column stats: NONE
                  Filter Operator
                    predicate: (((hash(rand()) & 2147483647) % 200) = 0) (type: boolean)
                    Statistics: Num rows: 1 Data size: 30 Basic stats: COMPLETE Column stats: NONE
                    Group By Operator
                      aggregations: count(1)
                      keys: key (type: string)
                      mode: hash
                      outputColumnNames: _col0, _col1
                      Statistics: Num rows: 1 Data size: 30 Basic stats: COMPLETE Column stats: NONE
                      Reduce Output Operator
                        key expressions: _col0 (type: string)
                        sort order: +
                        Map-reduce partition columns: _col0 (type: string)
                        Statistics: Num rows: 1 Data size: 30 Basic stats: COMPLETE Column stats: NONE
                        value expressions: _col1 (type: bigint)
        Reducer 2 
            Reduce Operator Tree:
              Group By Operator
                aggregations: count(VALUE._col0)
                keys: KEY._col0 (type: string)
                mode: mergepartial
                outputColumnNames: _col0, _col1
                Statistics: Num rows: 1 Data size: 30 Basic stats: COMPLETE Column stats: NONE
                Filter Operator
                  predicate: (ceil((_col1 / 0.01)) > 1) (type: boolean)
                  Statistics: Num rows: 1 Data size: 30 Basic stats: COMPLETE Column stats: NONE
                  Select Operator
                    expressions: _col0 (type: string), _col1 (type: bigint), ceil((_col1 / 0.01)) (type: bigint)
                    outputColumnNames: _col0, _col1, _col2
                    Statistics: Num rows: 1 Data size: 30 Basic stats: COMPLETE Column stats: NONE
                    File Output Operator
                      compressed: false
                      Statistics: Num rows: 1 Data size: 30 Basic stats: COMPLETE Column stats: NONE
                      table:
                          input format: org.apache.hadoop.mapred.TextInputFormat
                          output format: org.apache.hadoop.hive.ql.io.HiveIgnoreKeyTextOutputFormat
                          serde: org.apache.hadoop.hive.serde2.lazy.LazySimpleSerDe
            Execution mode: vectorized

  Stage: Stage-5
    Dependency Collection

  Stage: Stage-3
    Move Operator
      files:
          hdfs directory: true
          destination: hdfs://localhost:58980/Users/selinaz/dev/branch-1.2-skewjoinNPE/hive/itests/qtest/target/tmp/scratchdir/selinaz/170f7c03-641b-42dc-81f8-671b7f83bd03/hive_2017-04-04_13-38-09_300_5053453262464381258-1/-mr-10003/distkeys

  Stage: Stage-1
    Tez
      Edges:
        Reducer 2 <- Map 1 (SIMPLE_EDGE), Map 3 (SIMPLE_EDGE), Map 4 (SIMPLE_EDGE), Map 5 (SIMPLE_EDGE)
      DagName: selinaz_20170404133809_4d4c0576-cec6-41fa-a270-0a2abe4c917b:36
      Vertices:
        Map 1 
            Map Operator Tree:
                TableScan
                  alias: a
                  Statistics: Num rows: 1 Data size: 30 Basic stats: COMPLETE Column stats: NONE
                  Filter Operator
                    predicate: key is not null (type: boolean)
                    Statistics: Num rows: 1 Data size: 30 Basic stats: COMPLETE Column stats: NONE
                    Reduce Output Operator
                      key expressions: key (type: string)
                      sort order: +
                      Map-reduce partition columns: key (type: string)
                      Statistics: Num rows: 1 Data size: 30 Basic stats: COMPLETE Column stats: NONE
                      value expressions: val (type: string)
        Map 3 
            Map Operator Tree:
                TableScan
                  alias: b
                  Statistics: Num rows: 1 Data size: 30 Basic stats: COMPLETE Column stats: NONE
                  Filter Operator
                    predicate: key is not null (type: boolean)
                    Statistics: Num rows: 1 Data size: 30 Basic stats: COMPLETE Column stats: NONE
                    Reduce Output Operator
                      key expressions: key (type: string)
                      sort order: +
                      Map-reduce partition columns: key (type: string)
                      Statistics: Num rows: 1 Data size: 30 Basic stats: COMPLETE Column stats: NONE
                      value expressions: val (type: string)
        Map 4 
            Map Operator Tree:
                TableScan
                  alias: c
                  Statistics: Num rows: 1 Data size: 20 Basic stats: COMPLETE Column stats: NONE
                  Filter Operator
                    predicate: key is not null (type: boolean)
                    Statistics: Num rows: 1 Data size: 20 Basic stats: COMPLETE Column stats: NONE
                    Reduce Output Operator
                      key expressions: key (type: string)
                      sort order: +
                      Map-reduce partition columns: key (type: string)
                      Statistics: Num rows: 1 Data size: 20 Basic stats: COMPLETE Column stats: NONE
                      value expressions: val (type: string)
        Map 5 
            Map Operator Tree:
                TableScan
                  alias: d
                  Statistics: Num rows: 1 Data size: 30 Basic stats: COMPLETE Column stats: NONE
                  Filter Operator
                    predicate: key is not null (type: boolean)
                    Statistics: Num rows: 1 Data size: 30 Basic stats: COMPLETE Column stats: NONE
                    Reduce Output Operator
                      key expressions: key (type: string)
                      sort order: +
                      Map-reduce partition columns: key (type: string)
                      Statistics: Num rows: 1 Data size: 30 Basic stats: COMPLETE Column stats: NONE
                      value expressions: val (type: string)
        Reducer 2 
            Reduce Operator Tree:
              Merge Join Operator
                condition map:
                     Inner Join 0 to 1
                     Inner Join 1 to 2
                     Inner Join 2 to 3
                keys:
                  0 key (type: string)
                  1 key (type: string)
                  2 key (type: string)
                  3 key (type: string)
                outputColumnNames: _col0, _col1, _col5, _col6, _col10, _col11, _col15, _col16
                Statistics: Num rows: 3 Data size: 99 Basic stats: COMPLETE Column stats: NONE
                Select Operator
                  expressions: _col0 (type: string), _col1 (type: string), _col5 (type: string), _col6 (type: string), _col10 (type: string), _col11 (type: string), _col15 (type: string), _col16 (type: string)
                  outputColumnNames: _col0, _col1, _col2, _col3, _col4, _col5, _col6, _col7
                  Statistics: Num rows: 3 Data size: 99 Basic stats: COMPLETE Column stats: NONE
                  File Output Operator
                    compressed: false
                    Statistics: Num rows: 3 Data size: 99 Basic stats: COMPLETE Column stats: NONE
                    table:
                        input format: org.apache.hadoop.mapred.TextInputFormat
                        output format: org.apache.hadoop.hive.ql.io.HiveIgnoreKeyTextOutputFormat
                        serde: org.apache.hadoop.hive.serde2.lazy.LazySimpleSerDe

  Stage: Stage-0
    Fetch Operator
      limit: -1
      Processor Tree:
        ListSink

PREHOOK: query: SELECT /*+ STREAMTABLE(a) */ *
FROM T1 a JOIN T2 b ON a.key = b.key
          JOIN T3 c ON b.key = c.key
          JOIN T4 d ON c.key = d.key
PREHOOK: type: QUERY
PREHOOK: Input: default@t1
PREHOOK: Input: default@t2
PREHOOK: Input: default@t3
PREHOOK: Input: default@t4
PREHOOK: Output: hdfs://localhost:58980/Users/selinaz/dev/branch-1.2-skewjoinNPE/hive/itests/qtest/target/tmp/scratchdir/selinaz/170f7c03-641b-42dc-81f8-671b7f83bd03/hive_2017-04-04_13-38-09_636_2502796097410485458-1/-mr-10001
POSTHOOK: query: SELECT /*+ STREAMTABLE(a) */ *
FROM T1 a JOIN T2 b ON a.key = b.key
          JOIN T3 c ON b.key = c.key
          JOIN T4 d ON c.key = d.key
POSTHOOK: type: QUERY
POSTHOOK: Input: default@t1
POSTHOOK: Input: default@t2
POSTHOOK: Input: default@t3
POSTHOOK: Input: default@t4
POSTHOOK: Output: hdfs://localhost:58980/Users/selinaz/dev/branch-1.2-skewjoinNPE/hive/itests/qtest/target/tmp/scratchdir/selinaz/170f7c03-641b-42dc-81f8-671b7f83bd03/hive_2017-04-04_13-38-09_636_2502796097410485458-1/-mr-10001
2	12	2	22	2	12	2	12
PREHOOK: query: EXPLAIN
SELECT /*+ STREAMTABLE(a,c) */ *
FROM T1 a JOIN T2 b ON a.key = b.key
          JOIN T3 c ON b.key = c.key
          JOIN T4 d ON c.key = d.key
PREHOOK: type: QUERY
POSTHOOK: query: EXPLAIN
SELECT /*+ STREAMTABLE(a,c) */ *
FROM T1 a JOIN T2 b ON a.key = b.key
          JOIN T3 c ON b.key = c.key
          JOIN T4 d ON c.key = d.key
POSTHOOK: type: QUERY
STAGE DEPENDENCIES:
  Stage-4 is a root stage
  Stage-5 depends on stages: Stage-4
  Stage-3 depends on stages: Stage-4
  Stage-1 depends on stages: Stage-4
  Stage-0 depends on stages: Stage-1

STAGE PLANS:
  Stage: Stage-4
    Tez
      Edges:
        Reducer 2 <- Map 1 (SIMPLE_EDGE)
      DagName: selinaz_20170404133813_19ec4a80-5257-4839-b82c-0a9e51499430:41
      Vertices:
        Map 1 
            Map Operator Tree:
                TableScan
                  alias: t1
                  Statistics: Num rows: 1 Data size: 30 Basic stats: COMPLETE Column stats: NONE
                  Filter Operator
                    predicate: (((hash(rand()) & 2147483647) % 200) = 0) (type: boolean)
                    Statistics: Num rows: 1 Data size: 30 Basic stats: COMPLETE Column stats: NONE
                    Group By Operator
                      aggregations: count(1)
                      keys: key (type: string)
                      mode: hash
                      outputColumnNames: _col0, _col1
                      Statistics: Num rows: 1 Data size: 30 Basic stats: COMPLETE Column stats: NONE
                      Reduce Output Operator
                        key expressions: _col0 (type: string)
                        sort order: +
                        Map-reduce partition columns: _col0 (type: string)
                        Statistics: Num rows: 1 Data size: 30 Basic stats: COMPLETE Column stats: NONE
                        value expressions: _col1 (type: bigint)
        Reducer 2 
            Reduce Operator Tree:
              Group By Operator
                aggregations: count(VALUE._col0)
                keys: KEY._col0 (type: string)
                mode: mergepartial
                outputColumnNames: _col0, _col1
                Statistics: Num rows: 1 Data size: 30 Basic stats: COMPLETE Column stats: NONE
                Filter Operator
                  predicate: (ceil((_col1 / 0.01)) > 1) (type: boolean)
                  Statistics: Num rows: 1 Data size: 30 Basic stats: COMPLETE Column stats: NONE
                  Select Operator
                    expressions: _col0 (type: string), _col1 (type: bigint), ceil((_col1 / 0.01)) (type: bigint)
                    outputColumnNames: _col0, _col1, _col2
                    Statistics: Num rows: 1 Data size: 30 Basic stats: COMPLETE Column stats: NONE
                    File Output Operator
                      compressed: false
                      Statistics: Num rows: 1 Data size: 30 Basic stats: COMPLETE Column stats: NONE
                      table:
                          input format: org.apache.hadoop.mapred.TextInputFormat
                          output format: org.apache.hadoop.hive.ql.io.HiveIgnoreKeyTextOutputFormat
                          serde: org.apache.hadoop.hive.serde2.lazy.LazySimpleSerDe
            Execution mode: vectorized

  Stage: Stage-5
    Dependency Collection

  Stage: Stage-3
    Move Operator
      files:
          hdfs directory: true
          destination: hdfs://localhost:58980/Users/selinaz/dev/branch-1.2-skewjoinNPE/hive/itests/qtest/target/tmp/scratchdir/selinaz/170f7c03-641b-42dc-81f8-671b7f83bd03/hive_2017-04-04_13-38-13_181_519365013191538662-1/-mr-10003/distkeys

  Stage: Stage-1
    Tez
      Edges:
        Reducer 2 <- Map 1 (SIMPLE_EDGE), Map 3 (SIMPLE_EDGE), Map 4 (SIMPLE_EDGE), Map 5 (SIMPLE_EDGE)
      DagName: selinaz_20170404133813_d5405e2f-6707-4fa0-9d3e-ef18b741830a:40
      Vertices:
        Map 1 
            Map Operator Tree:
                TableScan
                  alias: a
                  Statistics: Num rows: 1 Data size: 30 Basic stats: COMPLETE Column stats: NONE
                  Filter Operator
                    predicate: key is not null (type: boolean)
                    Statistics: Num rows: 1 Data size: 30 Basic stats: COMPLETE Column stats: NONE
                    Reduce Output Operator
                      key expressions: key (type: string)
                      sort order: +
                      Map-reduce partition columns: key (type: string)
                      Statistics: Num rows: 1 Data size: 30 Basic stats: COMPLETE Column stats: NONE
                      value expressions: val (type: string)
        Map 3 
            Map Operator Tree:
                TableScan
                  alias: b
                  Statistics: Num rows: 1 Data size: 30 Basic stats: COMPLETE Column stats: NONE
                  Filter Operator
                    predicate: key is not null (type: boolean)
                    Statistics: Num rows: 1 Data size: 30 Basic stats: COMPLETE Column stats: NONE
                    Reduce Output Operator
                      key expressions: key (type: string)
                      sort order: +
                      Map-reduce partition columns: key (type: string)
                      Statistics: Num rows: 1 Data size: 30 Basic stats: COMPLETE Column stats: NONE
                      value expressions: val (type: string)
        Map 4 
            Map Operator Tree:
                TableScan
                  alias: c
                  Statistics: Num rows: 1 Data size: 20 Basic stats: COMPLETE Column stats: NONE
                  Filter Operator
                    predicate: key is not null (type: boolean)
                    Statistics: Num rows: 1 Data size: 20 Basic stats: COMPLETE Column stats: NONE
                    Reduce Output Operator
                      key expressions: key (type: string)
                      sort order: +
                      Map-reduce partition columns: key (type: string)
                      Statistics: Num rows: 1 Data size: 20 Basic stats: COMPLETE Column stats: NONE
                      value expressions: val (type: string)
        Map 5 
            Map Operator Tree:
                TableScan
                  alias: d
                  Statistics: Num rows: 1 Data size: 30 Basic stats: COMPLETE Column stats: NONE
                  Filter Operator
                    predicate: key is not null (type: boolean)
                    Statistics: Num rows: 1 Data size: 30 Basic stats: COMPLETE Column stats: NONE
                    Reduce Output Operator
                      key expressions: key (type: string)
                      sort order: +
                      Map-reduce partition columns: key (type: string)
                      Statistics: Num rows: 1 Data size: 30 Basic stats: COMPLETE Column stats: NONE
                      value expressions: val (type: string)
        Reducer 2 
            Reduce Operator Tree:
              Merge Join Operator
                condition map:
                     Inner Join 0 to 1
                     Inner Join 1 to 2
                     Inner Join 2 to 3
                keys:
                  0 key (type: string)
                  1 key (type: string)
                  2 key (type: string)
                  3 key (type: string)
                outputColumnNames: _col0, _col1, _col5, _col6, _col10, _col11, _col15, _col16
                Statistics: Num rows: 3 Data size: 99 Basic stats: COMPLETE Column stats: NONE
                Select Operator
                  expressions: _col0 (type: string), _col1 (type: string), _col5 (type: string), _col6 (type: string), _col10 (type: string), _col11 (type: string), _col15 (type: string), _col16 (type: string)
                  outputColumnNames: _col0, _col1, _col2, _col3, _col4, _col5, _col6, _col7
                  Statistics: Num rows: 3 Data size: 99 Basic stats: COMPLETE Column stats: NONE
                  File Output Operator
                    compressed: false
                    Statistics: Num rows: 3 Data size: 99 Basic stats: COMPLETE Column stats: NONE
                    table:
                        input format: org.apache.hadoop.mapred.TextInputFormat
                        output format: org.apache.hadoop.hive.ql.io.HiveIgnoreKeyTextOutputFormat
                        serde: org.apache.hadoop.hive.serde2.lazy.LazySimpleSerDe

  Stage: Stage-0
    Fetch Operator
      limit: -1
      Processor Tree:
        ListSink

PREHOOK: query: SELECT /*+ STREAMTABLE(a,c) */ *
FROM T1 a JOIN T2 b ON a.key = b.key
          JOIN T3 c ON b.key = c.key
          JOIN T4 d ON c.key = d.key
PREHOOK: type: QUERY
PREHOOK: Input: default@t1
PREHOOK: Input: default@t2
PREHOOK: Input: default@t3
PREHOOK: Input: default@t4
PREHOOK: Output: hdfs://localhost:58980/Users/selinaz/dev/branch-1.2-skewjoinNPE/hive/itests/qtest/target/tmp/scratchdir/selinaz/170f7c03-641b-42dc-81f8-671b7f83bd03/hive_2017-04-04_13-38-13_523_3424364062558885962-1/-mr-10001
POSTHOOK: query: SELECT /*+ STREAMTABLE(a,c) */ *
FROM T1 a JOIN T2 b ON a.key = b.key
          JOIN T3 c ON b.key = c.key
          JOIN T4 d ON c.key = d.key
POSTHOOK: type: QUERY
POSTHOOK: Input: default@t1
POSTHOOK: Input: default@t2
POSTHOOK: Input: default@t3
POSTHOOK: Input: default@t4
POSTHOOK: Output: hdfs://localhost:58980/Users/selinaz/dev/branch-1.2-skewjoinNPE/hive/itests/qtest/target/tmp/scratchdir/selinaz/170f7c03-641b-42dc-81f8-671b7f83bd03/hive_2017-04-04_13-38-13_523_3424364062558885962-1/-mr-10001
2	12	2	22	2	12	2	12
PREHOOK: query: EXPLAIN FROM T1 a JOIN src c ON c.key+1=a.key SELECT /*+ STREAMTABLE(a) */ sum(hash(a.key)), sum(hash(a.val)), sum(hash(c.key))
PREHOOK: type: QUERY
POSTHOOK: query: EXPLAIN FROM T1 a JOIN src c ON c.key+1=a.key SELECT /*+ STREAMTABLE(a) */ sum(hash(a.key)), sum(hash(a.val)), sum(hash(c.key))
POSTHOOK: type: QUERY
STAGE DEPENDENCIES:
  Stage-1 is a root stage
  Stage-0 depends on stages: Stage-1

STAGE PLANS:
  Stage: Stage-1
    Tez
      Edges:
        Reducer 2 <- Map 1 (SIMPLE_EDGE), Map 4 (SIMPLE_EDGE)
        Reducer 3 <- Reducer 2 (SIMPLE_EDGE)
      DagName: selinaz_20170404133816_7e477adb-7dfd-45aa-8447-d924b630ba18:44
      Vertices:
        Map 1 
            Map Operator Tree:
                TableScan
                  alias: a
                  Statistics: Num rows: 1 Data size: 30 Basic stats: COMPLETE Column stats: NONE
                  Filter Operator
                    predicate: UDFToDouble(key) is not null (type: boolean)
                    Statistics: Num rows: 1 Data size: 30 Basic stats: COMPLETE Column stats: NONE
                    Reduce Output Operator
                      key expressions: UDFToDouble(key) (type: double)
                      sort order: +
                      Map-reduce partition columns: UDFToDouble(key) (type: double)
                      Statistics: Num rows: 1 Data size: 30 Basic stats: COMPLETE Column stats: NONE
                      value expressions: key (type: string), val (type: string)
        Map 4 
            Map Operator Tree:
                TableScan
                  alias: c
                  Statistics: Num rows: 500 Data size: 5312 Basic stats: COMPLETE Column stats: NONE
                  Filter Operator
                    predicate: (key + 1) is not null (type: boolean)
                    Statistics: Num rows: 250 Data size: 2656 Basic stats: COMPLETE Column stats: NONE
                    Reduce Output Operator
                      key expressions: (key + 1) (type: double)
                      sort order: +
                      Map-reduce partition columns: (key + 1) (type: double)
                      Statistics: Num rows: 250 Data size: 2656 Basic stats: COMPLETE Column stats: NONE
                      value expressions: key (type: string)
        Reducer 2 
            Reduce Operator Tree:
              Merge Join Operator
                condition map:
                     Inner Join 0 to 1
                keys:
                  0 UDFToDouble(key) (type: double)
                  1 (key + 1) (type: double)
                outputColumnNames: _col0, _col1, _col5
                Statistics: Num rows: 275 Data size: 2921 Basic stats: COMPLETE Column stats: NONE
                Group By Operator
                  aggregations: sum(hash(_col0)), sum(hash(_col1)), sum(hash(_col5))
                  mode: hash
                  outputColumnNames: _col0, _col1, _col2
                  Statistics: Num rows: 1 Data size: 24 Basic stats: COMPLETE Column stats: NONE
                  Reduce Output Operator
                    sort order: 
                    Statistics: Num rows: 1 Data size: 24 Basic stats: COMPLETE Column stats: NONE
                    value expressions: _col0 (type: bigint), _col1 (type: bigint), _col2 (type: bigint)
        Reducer 3 
            Reduce Operator Tree:
              Group By Operator
                aggregations: sum(VALUE._col0), sum(VALUE._col1), sum(VALUE._col2)
                mode: mergepartial
                outputColumnNames: _col0, _col1, _col2
                Statistics: Num rows: 1 Data size: 24 Basic stats: COMPLETE Column stats: NONE
                File Output Operator
                  compressed: false
                  Statistics: Num rows: 1 Data size: 24 Basic stats: COMPLETE Column stats: NONE
                  table:
                      input format: org.apache.hadoop.mapred.TextInputFormat
                      output format: org.apache.hadoop.hive.ql.io.HiveIgnoreKeyTextOutputFormat
                      serde: org.apache.hadoop.hive.serde2.lazy.LazySimpleSerDe
            Execution mode: vectorized

  Stage: Stage-0
    Fetch Operator
      limit: -1
      Processor Tree:
        ListSink

PREHOOK: query: FROM T1 a JOIN src c ON c.key+1=a.key SELECT /*+ STREAMTABLE(a) */ sum(hash(a.key)), sum(hash(a.val)), sum(hash(c.key))
PREHOOK: type: QUERY
PREHOOK: Input: default@src
PREHOOK: Input: default@t1
PREHOOK: Output: hdfs://localhost:58980/Users/selinaz/dev/branch-1.2-skewjoinNPE/hive/itests/qtest/target/tmp/scratchdir/selinaz/170f7c03-641b-42dc-81f8-671b7f83bd03/hive_2017-04-04_13-38-16_814_2428302089893964299-1/-mr-10001
POSTHOOK: query: FROM T1 a JOIN src c ON c.key+1=a.key SELECT /*+ STREAMTABLE(a) */ sum(hash(a.key)), sum(hash(a.val)), sum(hash(c.key))
POSTHOOK: type: QUERY
POSTHOOK: Input: default@src
POSTHOOK: Input: default@t1
POSTHOOK: Output: hdfs://localhost:58980/Users/selinaz/dev/branch-1.2-skewjoinNPE/hive/itests/qtest/target/tmp/scratchdir/selinaz/170f7c03-641b-42dc-81f8-671b7f83bd03/hive_2017-04-04_13-38-16_814_2428302089893964299-1/-mr-10001
198	6274	194
PREHOOK: query: EXPLAIN FROM 
(SELECT src.* FROM src) x
JOIN 
(SELECT src.* FROM src) Y
ON (x.key = Y.key)
SELECT sum(hash(Y.key)), sum(hash(Y.value))
PREHOOK: type: QUERY
POSTHOOK: query: EXPLAIN FROM 
(SELECT src.* FROM src) x
JOIN 
(SELECT src.* FROM src) Y
ON (x.key = Y.key)
SELECT sum(hash(Y.key)), sum(hash(Y.value))
POSTHOOK: type: QUERY
STAGE DEPENDENCIES:
  Stage-4 is a root stage
  Stage-5 depends on stages: Stage-4
  Stage-3 depends on stages: Stage-4
  Stage-1 depends on stages: Stage-4
  Stage-0 depends on stages: Stage-1

STAGE PLANS:
  Stage: Stage-4
    Tez
      Edges:
        Reducer 2 <- Map 1 (SIMPLE_EDGE)
      DagName: selinaz_20170404133820_58b6e911-c288-4c17-978b-0f255a875bd1:47
      Vertices:
        Map 1 
            Map Operator Tree:
                TableScan
                  alias: src
                  Statistics: Num rows: 500 Data size: 5312 Basic stats: COMPLETE Column stats: NONE
                  Filter Operator
                    predicate: (((hash(rand()) & 2147483647) % 200) = 0) (type: boolean)
                    Statistics: Num rows: 250 Data size: 2656 Basic stats: COMPLETE Column stats: NONE
                    Group By Operator
                      aggregations: count(1)
                      keys: key (type: string)
                      mode: hash
                      outputColumnNames: _col0, _col1
                      Statistics: Num rows: 250 Data size: 2656 Basic stats: COMPLETE Column stats: NONE
                      Reduce Output Operator
                        key expressions: _col0 (type: string)
                        sort order: +
                        Map-reduce partition columns: _col0 (type: string)
                        Statistics: Num rows: 250 Data size: 2656 Basic stats: COMPLETE Column stats: NONE
                        value expressions: _col1 (type: bigint)
        Reducer 2 
            Reduce Operator Tree:
              Group By Operator
                aggregations: count(VALUE._col0)
                keys: KEY._col0 (type: string)
                mode: mergepartial
                outputColumnNames: _col0, _col1
                Statistics: Num rows: 125 Data size: 1328 Basic stats: COMPLETE Column stats: NONE
                Filter Operator
                  predicate: (ceil((_col1 / 0.01)) > 1) (type: boolean)
                  Statistics: Num rows: 41 Data size: 435 Basic stats: COMPLETE Column stats: NONE
                  Select Operator
                    expressions: _col0 (type: string), _col1 (type: bigint), ceil((_col1 / 0.01)) (type: bigint)
                    outputColumnNames: _col0, _col1, _col2
                    Statistics: Num rows: 41 Data size: 435 Basic stats: COMPLETE Column stats: NONE
                    File Output Operator
                      compressed: false
                      Statistics: Num rows: 41 Data size: 435 Basic stats: COMPLETE Column stats: NONE
                      table:
                          input format: org.apache.hadoop.mapred.TextInputFormat
                          output format: org.apache.hadoop.hive.ql.io.HiveIgnoreKeyTextOutputFormat
                          serde: org.apache.hadoop.hive.serde2.lazy.LazySimpleSerDe
            Execution mode: vectorized

  Stage: Stage-5
    Dependency Collection

  Stage: Stage-3
    Move Operator
      files:
          hdfs directory: true
          destination: hdfs://localhost:58980/Users/selinaz/dev/branch-1.2-skewjoinNPE/hive/itests/qtest/target/tmp/scratchdir/selinaz/170f7c03-641b-42dc-81f8-671b7f83bd03/hive_2017-04-04_13-38-20_735_5370914283260743260-1/-mr-10003/distkeys

  Stage: Stage-1
    Tez
      Edges:
        Reducer 2 <- Map 1 (SIMPLE_EDGE), Map 4 (SIMPLE_EDGE)
        Reducer 3 <- Reducer 2 (SIMPLE_EDGE)
      DagName: selinaz_20170404133820_3015637c-9e96-435e-97ee-7e3faf5a10a8:46
      Vertices:
        Map 1 
            Map Operator Tree:
                TableScan
                  alias: src
                  Statistics: Num rows: 500 Data size: 5312 Basic stats: COMPLETE Column stats: NONE
                  Filter Operator
                    predicate: key is not null (type: boolean)
                    Statistics: Num rows: 250 Data size: 2656 Basic stats: COMPLETE Column stats: NONE
                    Select Operator
                      expressions: key (type: string), value (type: string)
                      outputColumnNames: _col0, _col1
                      Statistics: Num rows: 250 Data size: 2656 Basic stats: COMPLETE Column stats: NONE
                      Reduce Output Operator
                        key expressions: _col0 (type: string)
                        sort order: +
                        Map-reduce partition columns: _col0 (type: string)
                        Statistics: Num rows: 250 Data size: 2656 Basic stats: COMPLETE Column stats: NONE
                        value expressions: _col1 (type: string)
        Map 4 
            Map Operator Tree:
                TableScan
                  alias: src
                  Statistics: Num rows: 500 Data size: 5312 Basic stats: COMPLETE Column stats: NONE
                  Filter Operator
                    predicate: key is not null (type: boolean)
                    Statistics: Num rows: 250 Data size: 2656 Basic stats: COMPLETE Column stats: NONE
                    Select Operator
                      expressions: key (type: string)
                      outputColumnNames: _col0
                      Statistics: Num rows: 250 Data size: 2656 Basic stats: COMPLETE Column stats: NONE
                      Reduce Output Operator
                        key expressions: _col0 (type: string)
                        sort order: +
                        Map-reduce partition columns: _col0 (type: string)
                        Statistics: Num rows: 250 Data size: 2656 Basic stats: COMPLETE Column stats: NONE
        Reducer 2 
            Reduce Operator Tree:
              Merge Join Operator
                condition map:
                     Inner Join 0 to 1
                keys:
                  0 _col0 (type: string)
                  1 _col0 (type: string)
                outputColumnNames: _col0, _col1
                Statistics: Num rows: 275 Data size: 2921 Basic stats: COMPLETE Column stats: NONE
                Select Operator
                  expressions: hash(_col0) (type: int), hash(_col1) (type: int)
                  outputColumnNames: _col0, _col1
                  Statistics: Num rows: 275 Data size: 2921 Basic stats: COMPLETE Column stats: NONE
                  Group By Operator
                    aggregations: sum(_col0), sum(_col1)
                    mode: hash
                    outputColumnNames: _col0, _col1
                    Statistics: Num rows: 1 Data size: 16 Basic stats: COMPLETE Column stats: NONE
                    Reduce Output Operator
                      sort order: 
                      Statistics: Num rows: 1 Data size: 16 Basic stats: COMPLETE Column stats: NONE
                      value expressions: _col0 (type: bigint), _col1 (type: bigint)
        Reducer 3 
            Reduce Operator Tree:
              Group By Operator
                aggregations: sum(VALUE._col0), sum(VALUE._col1)
                mode: mergepartial
                outputColumnNames: _col0, _col1
                Statistics: Num rows: 1 Data size: 16 Basic stats: COMPLETE Column stats: NONE
                File Output Operator
                  compressed: false
                  Statistics: Num rows: 1 Data size: 16 Basic stats: COMPLETE Column stats: NONE
                  table:
                      input format: org.apache.hadoop.mapred.TextInputFormat
                      output format: org.apache.hadoop.hive.ql.io.HiveIgnoreKeyTextOutputFormat
                      serde: org.apache.hadoop.hive.serde2.lazy.LazySimpleSerDe
            Execution mode: vectorized

  Stage: Stage-0
    Fetch Operator
      limit: -1
      Processor Tree:
        ListSink

PREHOOK: query: FROM 
(SELECT src.* FROM src) x
JOIN 
(SELECT src.* FROM src) Y
ON (x.key = Y.key)
SELECT sum(hash(Y.key)), sum(hash(Y.value))
PREHOOK: type: QUERY
PREHOOK: Input: default@src
PREHOOK: Output: hdfs://localhost:58980/Users/selinaz/dev/branch-1.2-skewjoinNPE/hive/itests/qtest/target/tmp/scratchdir/selinaz/170f7c03-641b-42dc-81f8-671b7f83bd03/hive_2017-04-04_13-38-20_990_6142483427279933582-1/-mr-10001
POSTHOOK: query: FROM 
(SELECT src.* FROM src) x
JOIN 
(SELECT src.* FROM src) Y
ON (x.key = Y.key)
SELECT sum(hash(Y.key)), sum(hash(Y.value))
POSTHOOK: type: QUERY
POSTHOOK: Input: default@src
POSTHOOK: Output: hdfs://localhost:58980/Users/selinaz/dev/branch-1.2-skewjoinNPE/hive/itests/qtest/target/tmp/scratchdir/selinaz/170f7c03-641b-42dc-81f8-671b7f83bd03/hive_2017-04-04_13-38-20_990_6142483427279933582-1/-mr-10001
44481300	101852390308
PREHOOK: query: EXPLAIN FROM 
(SELECT src.* FROM src) x
JOIN 
(SELECT src.* FROM src) Y
ON (x.key = Y.key and substring(x.value, 5)=substring(y.value, 5)+1)
SELECT sum(hash(Y.key)), sum(hash(Y.value))
PREHOOK: type: QUERY
POSTHOOK: query: EXPLAIN FROM 
(SELECT src.* FROM src) x
JOIN 
(SELECT src.* FROM src) Y
ON (x.key = Y.key and substring(x.value, 5)=substring(y.value, 5)+1)
SELECT sum(hash(Y.key)), sum(hash(Y.value))
POSTHOOK: type: QUERY
STAGE DEPENDENCIES:
  Stage-1 is a root stage
  Stage-0 depends on stages: Stage-1

STAGE PLANS:
  Stage: Stage-1
    Tez
      Edges:
        Reducer 2 <- Map 1 (SIMPLE_EDGE), Map 4 (SIMPLE_EDGE)
        Reducer 3 <- Reducer 2 (SIMPLE_EDGE)
      DagName: selinaz_20170404133827_7daa351b-b2ce-43ab-9531-8610694b396c:50
      Vertices:
        Map 1 
            Map Operator Tree:
                TableScan
                  alias: src
                  Statistics: Num rows: 500 Data size: 5312 Basic stats: COMPLETE Column stats: NONE
                  Filter Operator
                    predicate: (key is not null and UDFToDouble(substring(value, 5)) is not null) (type: boolean)
                    Statistics: Num rows: 125 Data size: 1328 Basic stats: COMPLETE Column stats: NONE
                    Select Operator
                      expressions: key (type: string), value (type: string)
                      outputColumnNames: _col0, _col1
                      Statistics: Num rows: 125 Data size: 1328 Basic stats: COMPLETE Column stats: NONE
                      Reduce Output Operator
                        key expressions: _col0 (type: string), UDFToDouble(substring(_col1, 5)) (type: double)
                        sort order: ++
                        Map-reduce partition columns: _col0 (type: string), UDFToDouble(substring(_col1, 5)) (type: double)
                        Statistics: Num rows: 125 Data size: 1328 Basic stats: COMPLETE Column stats: NONE
        Map 4 
            Map Operator Tree:
                TableScan
                  alias: src
                  Statistics: Num rows: 500 Data size: 5312 Basic stats: COMPLETE Column stats: NONE
                  Filter Operator
                    predicate: (key is not null and (UDFToDouble(substring(value, 5)) + 1.0) is not null) (type: boolean)
                    Statistics: Num rows: 125 Data size: 1328 Basic stats: COMPLETE Column stats: NONE
                    Select Operator
                      expressions: key (type: string), value (type: string)
                      outputColumnNames: _col0, _col1
                      Statistics: Num rows: 125 Data size: 1328 Basic stats: COMPLETE Column stats: NONE
                      Reduce Output Operator
                        key expressions: _col0 (type: string), (UDFToDouble(substring(_col1, 5)) + 1.0) (type: double)
                        sort order: ++
                        Map-reduce partition columns: _col0 (type: string), (UDFToDouble(substring(_col1, 5)) + 1.0) (type: double)
                        Statistics: Num rows: 125 Data size: 1328 Basic stats: COMPLETE Column stats: NONE
                        value expressions: _col1 (type: string)
        Reducer 2 
            Reduce Operator Tree:
              Merge Join Operator
                condition map:
                     Inner Join 0 to 1
                keys:
                  0 _col0 (type: string), UDFToDouble(substring(_col1, 5)) (type: double)
                  1 _col0 (type: string), (UDFToDouble(substring(_col1, 5)) + 1.0) (type: double)
                outputColumnNames: _col2, _col3
                Statistics: Num rows: 137 Data size: 1460 Basic stats: COMPLETE Column stats: NONE
                Select Operator
                  expressions: hash(_col2) (type: int), hash(_col3) (type: int)
                  outputColumnNames: _col0, _col1
                  Statistics: Num rows: 137 Data size: 1460 Basic stats: COMPLETE Column stats: NONE
                  Group By Operator
                    aggregations: sum(_col0), sum(_col1)
                    mode: hash
                    outputColumnNames: _col0, _col1
                    Statistics: Num rows: 1 Data size: 16 Basic stats: COMPLETE Column stats: NONE
                    Reduce Output Operator
                      sort order: 
                      Statistics: Num rows: 1 Data size: 16 Basic stats: COMPLETE Column stats: NONE
                      value expressions: _col0 (type: bigint), _col1 (type: bigint)
        Reducer 3 
            Reduce Operator Tree:
              Group By Operator
                aggregations: sum(VALUE._col0), sum(VALUE._col1)
                mode: mergepartial
                outputColumnNames: _col0, _col1
                Statistics: Num rows: 1 Data size: 16 Basic stats: COMPLETE Column stats: NONE
                File Output Operator
                  compressed: false
                  Statistics: Num rows: 1 Data size: 16 Basic stats: COMPLETE Column stats: NONE
                  table:
                      input format: org.apache.hadoop.mapred.TextInputFormat
                      output format: org.apache.hadoop.hive.ql.io.HiveIgnoreKeyTextOutputFormat
                      serde: org.apache.hadoop.hive.serde2.lazy.LazySimpleSerDe
            Execution mode: vectorized

  Stage: Stage-0
    Fetch Operator
      limit: -1
      Processor Tree:
        ListSink

PREHOOK: query: FROM 
(SELECT src.* FROM src) x
JOIN 
(SELECT src.* FROM src) Y
ON (x.key = Y.key and substring(x.value, 5)=substring(y.value, 5)+1)
SELECT sum(hash(Y.key)), sum(hash(Y.value))
PREHOOK: type: QUERY
PREHOOK: Input: default@src
PREHOOK: Output: hdfs://localhost:58980/Users/selinaz/dev/branch-1.2-skewjoinNPE/hive/itests/qtest/target/tmp/scratchdir/selinaz/170f7c03-641b-42dc-81f8-671b7f83bd03/hive_2017-04-04_13-38-27_570_1476193012320036513-1/-mr-10001
POSTHOOK: query: FROM 
(SELECT src.* FROM src) x
JOIN 
(SELECT src.* FROM src) Y
ON (x.key = Y.key and substring(x.value, 5)=substring(y.value, 5)+1)
SELECT sum(hash(Y.key)), sum(hash(Y.value))
POSTHOOK: type: QUERY
POSTHOOK: Input: default@src
POSTHOOK: Output: hdfs://localhost:58980/Users/selinaz/dev/branch-1.2-skewjoinNPE/hive/itests/qtest/target/tmp/scratchdir/selinaz/170f7c03-641b-42dc-81f8-671b7f83bd03/hive_2017-04-04_13-38-27_570_1476193012320036513-1/-mr-10001
NULL	NULL
PREHOOK: query: EXPLAIN
SELECT sum(hash(src1.c1)), sum(hash(src2.c4)) 
FROM
(SELECT src.key as c1, src.value as c2 from src) src1
JOIN
(SELECT src.key as c3, src.value as c4 from src) src2
ON src1.c1 = src2.c3 AND src1.c1 < 100
JOIN
(SELECT src.key as c5, src.value as c6 from src) src3
ON src1.c1 = src3.c5 AND src3.c5 < 80
PREHOOK: type: QUERY
POSTHOOK: query: EXPLAIN
SELECT sum(hash(src1.c1)), sum(hash(src2.c4)) 
FROM
(SELECT src.key as c1, src.value as c2 from src) src1
JOIN
(SELECT src.key as c3, src.value as c4 from src) src2
ON src1.c1 = src2.c3 AND src1.c1 < 100
JOIN
(SELECT src.key as c5, src.value as c6 from src) src3
ON src1.c1 = src3.c5 AND src3.c5 < 80
POSTHOOK: type: QUERY
STAGE DEPENDENCIES:
  Stage-4 is a root stage
  Stage-5 depends on stages: Stage-4
  Stage-3 depends on stages: Stage-4
  Stage-1 depends on stages: Stage-4, Stage-7
  Stage-7 is a root stage
  Stage-8 depends on stages: Stage-7
  Stage-6 depends on stages: Stage-7
  Stage-0 depends on stages: Stage-1

STAGE PLANS:
  Stage: Stage-4
    Tez
      Edges:
        Reducer 2 <- Map 1 (SIMPLE_EDGE)
      DagName: selinaz_20170404133829_4a583def-37f5-4447-a794-993f4963edfd:53
      Vertices:
        Map 1 
            Map Operator Tree:
                TableScan
                  alias: src
                  Statistics: Num rows: 500 Data size: 5312 Basic stats: COMPLETE Column stats: NONE
                  Filter Operator
                    predicate: (((hash(rand()) & 2147483647) % 200) = 0) (type: boolean)
                    Statistics: Num rows: 250 Data size: 2656 Basic stats: COMPLETE Column stats: NONE
                    Group By Operator
                      aggregations: count(1)
                      keys: key (type: string)
                      mode: hash
                      outputColumnNames: _col0, _col1
                      Statistics: Num rows: 250 Data size: 2656 Basic stats: COMPLETE Column stats: NONE
                      Reduce Output Operator
                        key expressions: _col0 (type: string)
                        sort order: +
                        Map-reduce partition columns: _col0 (type: string)
                        Statistics: Num rows: 250 Data size: 2656 Basic stats: COMPLETE Column stats: NONE
                        value expressions: _col1 (type: bigint)
        Reducer 2 
            Reduce Operator Tree:
              Group By Operator
                aggregations: count(VALUE._col0)
                keys: KEY._col0 (type: string)
                mode: mergepartial
                outputColumnNames: _col0, _col1
                Statistics: Num rows: 125 Data size: 1328 Basic stats: COMPLETE Column stats: NONE
                Filter Operator
                  predicate: (ceil((_col1 / 0.01)) > 1) (type: boolean)
                  Statistics: Num rows: 41 Data size: 435 Basic stats: COMPLETE Column stats: NONE
                  Select Operator
                    expressions: _col0 (type: string), _col1 (type: bigint), ceil((_col1 / 0.01)) (type: bigint)
                    outputColumnNames: _col0, _col1, _col2
                    Statistics: Num rows: 41 Data size: 435 Basic stats: COMPLETE Column stats: NONE
                    File Output Operator
                      compressed: false
                      Statistics: Num rows: 41 Data size: 435 Basic stats: COMPLETE Column stats: NONE
                      table:
                          input format: org.apache.hadoop.mapred.TextInputFormat
                          output format: org.apache.hadoop.hive.ql.io.HiveIgnoreKeyTextOutputFormat
                          serde: org.apache.hadoop.hive.serde2.lazy.LazySimpleSerDe
            Execution mode: vectorized

  Stage: Stage-5
    Dependency Collection

  Stage: Stage-3
    Move Operator
      files:
          hdfs directory: true
          destination: hdfs://localhost:58980/Users/selinaz/dev/branch-1.2-skewjoinNPE/hive/itests/qtest/target/tmp/scratchdir/selinaz/170f7c03-641b-42dc-81f8-671b7f83bd03/hive_2017-04-04_13-38-29_318_5414193068282249291-1/-mr-10003/distkeys

  Stage: Stage-1
    Tez
      Edges:
        Reducer 2 <- Map 1 (SIMPLE_EDGE), Reducer 5 (SIMPLE_EDGE)
        Reducer 3 <- Reducer 2 (SIMPLE_EDGE)
        Reducer 5 <- Map 4 (SIMPLE_EDGE), Map 6 (SIMPLE_EDGE)
      DagName: selinaz_20170404133829_a559f33b-9d54-46d9-b174-f61c05b01c65:52
      Vertices:
        Map 1 
            Map Operator Tree:
                TableScan
                  alias: src
                  Statistics: Num rows: 500 Data size: 5312 Basic stats: COMPLETE Column stats: NONE
                  Filter Operator
                    predicate: (((UDFToDouble(key) < 80.0) and (UDFToDouble(key) < 100.0)) and key is not null) (type: boolean)
                    Statistics: Num rows: 28 Data size: 297 Basic stats: COMPLETE Column stats: NONE
                    Select Operator
                      expressions: key (type: string)
                      outputColumnNames: _col0
                      Statistics: Num rows: 28 Data size: 297 Basic stats: COMPLETE Column stats: NONE
                      Reduce Output Operator
                        key expressions: _col0 (type: string)
                        sort order: +
                        Map-reduce partition columns: _col0 (type: string)
                        Statistics: Num rows: 28 Data size: 297 Basic stats: COMPLETE Column stats: NONE
        Map 4 
            Map Operator Tree:
                TableScan
                  alias: src
                  Statistics: Num rows: 500 Data size: 5312 Basic stats: COMPLETE Column stats: NONE
                  Filter Operator
                    predicate: ((UDFToDouble(key) < 100.0) and (UDFToDouble(key) < 80.0)) (type: boolean)
                    Statistics: Num rows: 55 Data size: 584 Basic stats: COMPLETE Column stats: NONE
                    Select Operator
                      expressions: key (type: string)
                      outputColumnNames: _col0
                      Statistics: Num rows: 55 Data size: 584 Basic stats: COMPLETE Column stats: NONE
                      Reduce Output Operator
                        key expressions: _col0 (type: string)
                        sort order: +
                        Map-reduce partition columns: _col0 (type: string)
                        Statistics: Num rows: 55 Data size: 584 Basic stats: COMPLETE Column stats: NONE
        Map 6 
            Map Operator Tree:
                TableScan
                  alias: src
                  Statistics: Num rows: 500 Data size: 5312 Basic stats: COMPLETE Column stats: NONE
                  Filter Operator
                    predicate: ((UDFToDouble(key) < 100.0) and (UDFToDouble(key) < 80.0)) (type: boolean)
                    Statistics: Num rows: 55 Data size: 584 Basic stats: COMPLETE Column stats: NONE
                    Select Operator
                      expressions: key (type: string), value (type: string)
                      outputColumnNames: _col0, _col1
                      Statistics: Num rows: 55 Data size: 584 Basic stats: COMPLETE Column stats: NONE
                      Reduce Output Operator
                        key expressions: _col0 (type: string)
                        sort order: +
                        Map-reduce partition columns: _col0 (type: string)
                        Statistics: Num rows: 55 Data size: 584 Basic stats: COMPLETE Column stats: NONE
                        value expressions: _col1 (type: string)
        Reducer 2 
            Reduce Operator Tree:
              Merge Join Operator
                condition map:
                     Inner Join 0 to 1
                keys:
                  0 _col0 (type: string)
                  1 _col0 (type: string)
                outputColumnNames: _col1, _col3
                Statistics: Num rows: 66 Data size: 706 Basic stats: COMPLETE Column stats: NONE
                Select Operator
                  expressions: hash(_col1) (type: int), hash(_col3) (type: int)
                  outputColumnNames: _col0, _col1
                  Statistics: Num rows: 66 Data size: 706 Basic stats: COMPLETE Column stats: NONE
                  Group By Operator
                    aggregations: sum(_col0), sum(_col1)
                    mode: hash
                    outputColumnNames: _col0, _col1
                    Statistics: Num rows: 1 Data size: 16 Basic stats: COMPLETE Column stats: NONE
                    Reduce Output Operator
                      sort order: 
                      Statistics: Num rows: 1 Data size: 16 Basic stats: COMPLETE Column stats: NONE
                      value expressions: _col0 (type: bigint), _col1 (type: bigint)
        Reducer 3 
            Reduce Operator Tree:
              Group By Operator
                aggregations: sum(VALUE._col0), sum(VALUE._col1)
                mode: mergepartial
                outputColumnNames: _col0, _col1
                Statistics: Num rows: 1 Data size: 16 Basic stats: COMPLETE Column stats: NONE
                File Output Operator
                  compressed: false
                  Statistics: Num rows: 1 Data size: 16 Basic stats: COMPLETE Column stats: NONE
                  table:
                      input format: org.apache.hadoop.mapred.TextInputFormat
                      output format: org.apache.hadoop.hive.ql.io.HiveIgnoreKeyTextOutputFormat
                      serde: org.apache.hadoop.hive.serde2.lazy.LazySimpleSerDe
            Execution mode: vectorized
        Reducer 5 
            Reduce Operator Tree:
              Merge Join Operator
                condition map:
                     Inner Join 0 to 1
                keys:
                  0 _col0 (type: string)
                  1 _col0 (type: string)
                outputColumnNames: _col0, _col2
                Statistics: Num rows: 60 Data size: 642 Basic stats: COMPLETE Column stats: NONE
                Reduce Output Operator
                  key expressions: _col0 (type: string)
                  sort order: +
                  Map-reduce partition columns: _col0 (type: string)
                  Statistics: Num rows: 60 Data size: 642 Basic stats: COMPLETE Column stats: NONE
                  value expressions: _col2 (type: string)

  Stage: Stage-7
    Tez
      Edges:
        Reducer 2 <- Map 1 (SIMPLE_EDGE)
      DagName: selinaz_20170404133829_47915694-b5a9-463c-9c8a-dc97b404978f:54
      Vertices:
        Map 1 
            Map Operator Tree:
                TableScan
                  alias: src
                  Statistics: Num rows: 500 Data size: 5312 Basic stats: COMPLETE Column stats: NONE
                  Filter Operator
                    predicate: (((hash(rand()) & 2147483647) % 200) = 0) (type: boolean)
                    Statistics: Num rows: 250 Data size: 2656 Basic stats: COMPLETE Column stats: NONE
                    Group By Operator
                      aggregations: count(1)
                      keys: key (type: string)
                      mode: hash
                      outputColumnNames: _col0, _col1
                      Statistics: Num rows: 250 Data size: 2656 Basic stats: COMPLETE Column stats: NONE
                      Reduce Output Operator
                        key expressions: _col0 (type: string)
                        sort order: +
                        Map-reduce partition columns: _col0 (type: string)
                        Statistics: Num rows: 250 Data size: 2656 Basic stats: COMPLETE Column stats: NONE
                        value expressions: _col1 (type: bigint)
        Reducer 2 
            Reduce Operator Tree:
              Group By Operator
                aggregations: count(VALUE._col0)
                keys: KEY._col0 (type: string)
                mode: mergepartial
                outputColumnNames: _col0, _col1
                Statistics: Num rows: 125 Data size: 1328 Basic stats: COMPLETE Column stats: NONE
                Filter Operator
                  predicate: (ceil((_col1 / 0.01)) > 1) (type: boolean)
                  Statistics: Num rows: 41 Data size: 435 Basic stats: COMPLETE Column stats: NONE
                  Select Operator
                    expressions: _col0 (type: string), _col1 (type: bigint), ceil((_col1 / 0.01)) (type: bigint)
                    outputColumnNames: _col0, _col1, _col2
                    Statistics: Num rows: 41 Data size: 435 Basic stats: COMPLETE Column stats: NONE
                    File Output Operator
                      compressed: false
                      Statistics: Num rows: 41 Data size: 435 Basic stats: COMPLETE Column stats: NONE
                      table:
                          input format: org.apache.hadoop.mapred.TextInputFormat
                          output format: org.apache.hadoop.hive.ql.io.HiveIgnoreKeyTextOutputFormat
                          serde: org.apache.hadoop.hive.serde2.lazy.LazySimpleSerDe
            Execution mode: vectorized

  Stage: Stage-8
    Dependency Collection

  Stage: Stage-6
    Move Operator
      files:
          hdfs directory: true
          destination: hdfs://localhost:58980/Users/selinaz/dev/branch-1.2-skewjoinNPE/hive/itests/qtest/target/tmp/scratchdir/selinaz/170f7c03-641b-42dc-81f8-671b7f83bd03/hive_2017-04-04_13-38-29_318_5414193068282249291-1/-mr-10004/distkeys

  Stage: Stage-0
    Fetch Operator
      limit: -1
      Processor Tree:
        ListSink

PREHOOK: query: SELECT sum(hash(src1.c1)), sum(hash(src2.c4))
FROM
(SELECT src.key as c1, src.value as c2 from src) src1
JOIN
(SELECT src.key as c3, src.value as c4 from src) src2
ON src1.c1 = src2.c3 AND src1.c1 < 100
JOIN
(SELECT src.key as c5, src.value as c6 from src) src3
ON src1.c1 = src3.c5 AND src3.c5 < 80
PREHOOK: type: QUERY
PREHOOK: Input: default@src
PREHOOK: Output: hdfs://localhost:58980/Users/selinaz/dev/branch-1.2-skewjoinNPE/hive/itests/qtest/target/tmp/scratchdir/selinaz/170f7c03-641b-42dc-81f8-671b7f83bd03/hive_2017-04-04_13-38-29_816_1927321072162225982-1/-mr-10001
POSTHOOK: query: SELECT sum(hash(src1.c1)), sum(hash(src2.c4))
FROM
(SELECT src.key as c1, src.value as c2 from src) src1
JOIN
(SELECT src.key as c3, src.value as c4 from src) src2
ON src1.c1 = src2.c3 AND src1.c1 < 100
JOIN
(SELECT src.key as c5, src.value as c6 from src) src3
ON src1.c1 = src3.c5 AND src3.c5 < 80
POSTHOOK: type: QUERY
POSTHOOK: Input: default@src
POSTHOOK: Output: hdfs://localhost:58980/Users/selinaz/dev/branch-1.2-skewjoinNPE/hive/itests/qtest/target/tmp/scratchdir/selinaz/170f7c03-641b-42dc-81f8-671b7f83bd03/hive_2017-04-04_13-38-29_816_1927321072162225982-1/-mr-10001
293143	-136853010385
PREHOOK: query: EXPLAIN
SELECT /*+ mapjoin(v)*/ sum(hash(k.key)), sum(hash(v.val)) FROM T1 k LEFT OUTER JOIN T1 v ON k.key+1=v.key
PREHOOK: type: QUERY
POSTHOOK: query: EXPLAIN
SELECT /*+ mapjoin(v)*/ sum(hash(k.key)), sum(hash(v.val)) FROM T1 k LEFT OUTER JOIN T1 v ON k.key+1=v.key
POSTHOOK: type: QUERY
STAGE DEPENDENCIES:
  Stage-1 is a root stage
  Stage-0 depends on stages: Stage-1

STAGE PLANS:
  Stage: Stage-1
    Tez
      Edges:
        Reducer 2 <- Map 1 (SIMPLE_EDGE), Map 4 (SIMPLE_EDGE)
        Reducer 3 <- Reducer 2 (SIMPLE_EDGE)
      DagName: selinaz_20170404133834_8ffe12af-2f07-467e-a9d8-b1b0a5eea700:58
      Vertices:
        Map 1 
            Map Operator Tree:
                TableScan
                  alias: k
                  Statistics: Num rows: 1 Data size: 30 Basic stats: COMPLETE Column stats: NONE
                  Reduce Output Operator
                    key expressions: (key + 1) (type: double)
                    sort order: +
                    Map-reduce partition columns: (key + 1) (type: double)
                    Statistics: Num rows: 1 Data size: 30 Basic stats: COMPLETE Column stats: NONE
                    value expressions: key (type: string)
        Map 4 
            Map Operator Tree:
                TableScan
                  alias: v
                  Statistics: Num rows: 1 Data size: 30 Basic stats: COMPLETE Column stats: NONE
                  Reduce Output Operator
                    key expressions: UDFToDouble(key) (type: double)
                    sort order: +
                    Map-reduce partition columns: UDFToDouble(key) (type: double)
                    Statistics: Num rows: 1 Data size: 30 Basic stats: COMPLETE Column stats: NONE
                    value expressions: val (type: string)
        Reducer 2 
            Reduce Operator Tree:
              Merge Join Operator
                condition map:
                     Left Outer Join0 to 1
                keys:
                  0 (key + 1) (type: double)
                  1 UDFToDouble(key) (type: double)
                outputColumnNames: _col0, _col6
                Statistics: Num rows: 1 Data size: 33 Basic stats: COMPLETE Column stats: NONE
                Group By Operator
                  aggregations: sum(hash(_col0)), sum(hash(_col6))
                  mode: hash
                  outputColumnNames: _col0, _col1
                  Statistics: Num rows: 1 Data size: 16 Basic stats: COMPLETE Column stats: NONE
                  Reduce Output Operator
                    sort order: 
                    Statistics: Num rows: 1 Data size: 16 Basic stats: COMPLETE Column stats: NONE
                    value expressions: _col0 (type: bigint), _col1 (type: bigint)
        Reducer 3 
            Reduce Operator Tree:
              Group By Operator
                aggregations: sum(VALUE._col0), sum(VALUE._col1)
                mode: mergepartial
                outputColumnNames: _col0, _col1
                Statistics: Num rows: 1 Data size: 16 Basic stats: COMPLETE Column stats: NONE
                File Output Operator
                  compressed: false
                  Statistics: Num rows: 1 Data size: 16 Basic stats: COMPLETE Column stats: NONE
                  table:
                      input format: org.apache.hadoop.mapred.TextInputFormat
                      output format: org.apache.hadoop.hive.ql.io.HiveIgnoreKeyTextOutputFormat
                      serde: org.apache.hadoop.hive.serde2.lazy.LazySimpleSerDe
            Execution mode: vectorized

  Stage: Stage-0
    Fetch Operator
      limit: -1
      Processor Tree:
        ListSink

PREHOOK: query: SELECT /*+ mapjoin(v)*/ sum(hash(k.key)), sum(hash(v.val)) FROM T1 k LEFT OUTER JOIN T1 v ON k.key+1=v.key
PREHOOK: type: QUERY
PREHOOK: Input: default@t1
PREHOOK: Output: hdfs://localhost:58980/Users/selinaz/dev/branch-1.2-skewjoinNPE/hive/itests/qtest/target/tmp/scratchdir/selinaz/170f7c03-641b-42dc-81f8-671b7f83bd03/hive_2017-04-04_13-38-34_462_7798390418129182601-1/-mr-10001
POSTHOOK: query: SELECT /*+ mapjoin(v)*/ sum(hash(k.key)), sum(hash(v.val)) FROM T1 k LEFT OUTER JOIN T1 v ON k.key+1=v.key
POSTHOOK: type: QUERY
POSTHOOK: Input: default@t1
POSTHOOK: Output: hdfs://localhost:58980/Users/selinaz/dev/branch-1.2-skewjoinNPE/hive/itests/qtest/target/tmp/scratchdir/selinaz/170f7c03-641b-42dc-81f8-671b7f83bd03/hive_2017-04-04_13-38-34_462_7798390418129182601-1/-mr-10001
372	6320
PREHOOK: query: select /*+ mapjoin(k)*/ sum(hash(k.key)), sum(hash(v.val)) from T1 k join T1 v on k.key=v.val
PREHOOK: type: QUERY
PREHOOK: Input: default@t1
PREHOOK: Output: hdfs://localhost:58980/Users/selinaz/dev/branch-1.2-skewjoinNPE/hive/itests/qtest/target/tmp/scratchdir/selinaz/170f7c03-641b-42dc-81f8-671b7f83bd03/hive_2017-04-04_13-38-38_644_8610650108139543399-1/-mr-10001
POSTHOOK: query: select /*+ mapjoin(k)*/ sum(hash(k.key)), sum(hash(v.val)) from T1 k join T1 v on k.key=v.val
POSTHOOK: type: QUERY
POSTHOOK: Input: default@t1
POSTHOOK: Output: hdfs://localhost:58980/Users/selinaz/dev/branch-1.2-skewjoinNPE/hive/itests/qtest/target/tmp/scratchdir/selinaz/170f7c03-641b-42dc-81f8-671b7f83bd03/hive_2017-04-04_13-38-38_644_8610650108139543399-1/-mr-10001
NULL	NULL
PREHOOK: query: select /*+ mapjoin(k)*/ sum(hash(k.key)), sum(hash(v.val)) from T1 k join T1 v on k.key=v.key
PREHOOK: type: QUERY
PREHOOK: Input: default@t1
PREHOOK: Output: hdfs://localhost:58980/Users/selinaz/dev/branch-1.2-skewjoinNPE/hive/itests/qtest/target/tmp/scratchdir/selinaz/170f7c03-641b-42dc-81f8-671b7f83bd03/hive_2017-04-04_13-38-43_576_8048403093688662511-1/-mr-10001
POSTHOOK: query: select /*+ mapjoin(k)*/ sum(hash(k.key)), sum(hash(v.val)) from T1 k join T1 v on k.key=v.key
POSTHOOK: type: QUERY
POSTHOOK: Input: default@t1
POSTHOOK: Output: hdfs://localhost:58980/Users/selinaz/dev/branch-1.2-skewjoinNPE/hive/itests/qtest/target/tmp/scratchdir/selinaz/170f7c03-641b-42dc-81f8-671b7f83bd03/hive_2017-04-04_13-38-43_576_8048403093688662511-1/-mr-10001
429	12643
PREHOOK: query: select sum(hash(k.key)), sum(hash(v.val)) from T1 k join T1 v on k.key=v.key
PREHOOK: type: QUERY
PREHOOK: Input: default@t1
PREHOOK: Output: hdfs://localhost:58980/Users/selinaz/dev/branch-1.2-skewjoinNPE/hive/itests/qtest/target/tmp/scratchdir/selinaz/170f7c03-641b-42dc-81f8-671b7f83bd03/hive_2017-04-04_13-38-48_958_5292942479749854352-1/-mr-10001
POSTHOOK: query: select sum(hash(k.key)), sum(hash(v.val)) from T1 k join T1 v on k.key=v.key
POSTHOOK: type: QUERY
POSTHOOK: Input: default@t1
POSTHOOK: Output: hdfs://localhost:58980/Users/selinaz/dev/branch-1.2-skewjoinNPE/hive/itests/qtest/target/tmp/scratchdir/selinaz/170f7c03-641b-42dc-81f8-671b7f83bd03/hive_2017-04-04_13-38-48_958_5292942479749854352-1/-mr-10001
429	12643
PREHOOK: query: select count(1) from  T1 a join T1 b on a.key = b.key
PREHOOK: type: QUERY
PREHOOK: Input: default@t1
PREHOOK: Output: hdfs://localhost:58980/Users/selinaz/dev/branch-1.2-skewjoinNPE/hive/itests/qtest/target/tmp/scratchdir/selinaz/170f7c03-641b-42dc-81f8-671b7f83bd03/hive_2017-04-04_13-38-52_506_3067875039930211599-1/-mr-10001
POSTHOOK: query: select count(1) from  T1 a join T1 b on a.key = b.key
POSTHOOK: type: QUERY
POSTHOOK: Input: default@t1
POSTHOOK: Output: hdfs://localhost:58980/Users/selinaz/dev/branch-1.2-skewjoinNPE/hive/itests/qtest/target/tmp/scratchdir/selinaz/170f7c03-641b-42dc-81f8-671b7f83bd03/hive_2017-04-04_13-38-52_506_3067875039930211599-1/-mr-10001
8
PREHOOK: query: FROM T1 a LEFT OUTER JOIN T2 c ON c.key+1=a.key SELECT sum(hash(a.key)), sum(hash(a.val)), sum(hash(c.key))
PREHOOK: type: QUERY
PREHOOK: Input: default@t1
PREHOOK: Input: default@t2
PREHOOK: Output: hdfs://localhost:58980/Users/selinaz/dev/branch-1.2-skewjoinNPE/hive/itests/qtest/target/tmp/scratchdir/selinaz/170f7c03-641b-42dc-81f8-671b7f83bd03/hive_2017-04-04_13-38-55_206_1050362848508554525-1/-mr-10001
POSTHOOK: query: FROM T1 a LEFT OUTER JOIN T2 c ON c.key+1=a.key SELECT sum(hash(a.key)), sum(hash(a.val)), sum(hash(c.key))
POSTHOOK: type: QUERY
POSTHOOK: Input: default@t1
POSTHOOK: Input: default@t2
POSTHOOK: Output: hdfs://localhost:58980/Users/selinaz/dev/branch-1.2-skewjoinNPE/hive/itests/qtest/target/tmp/scratchdir/selinaz/170f7c03-641b-42dc-81f8-671b7f83bd03/hive_2017-04-04_13-38-55_206_1050362848508554525-1/-mr-10001
317	9462	50
PREHOOK: query: FROM T1 a RIGHT OUTER JOIN T2 c ON c.key+1=a.key SELECT /*+ STREAMTABLE(a) */ sum(hash(a.key)), sum(hash(a.val)), sum(hash(c.key))
PREHOOK: type: QUERY
PREHOOK: Input: default@t1
PREHOOK: Input: default@t2
PREHOOK: Output: hdfs://localhost:58980/Users/selinaz/dev/branch-1.2-skewjoinNPE/hive/itests/qtest/target/tmp/scratchdir/selinaz/170f7c03-641b-42dc-81f8-671b7f83bd03/hive_2017-04-04_13-38-59_958_5195158624274900267-1/-mr-10001
POSTHOOK: query: FROM T1 a RIGHT OUTER JOIN T2 c ON c.key+1=a.key SELECT /*+ STREAMTABLE(a) */ sum(hash(a.key)), sum(hash(a.val)), sum(hash(c.key))
POSTHOOK: type: QUERY
POSTHOOK: Input: default@t1
POSTHOOK: Input: default@t2
POSTHOOK: Output: hdfs://localhost:58980/Users/selinaz/dev/branch-1.2-skewjoinNPE/hive/itests/qtest/target/tmp/scratchdir/selinaz/170f7c03-641b-42dc-81f8-671b7f83bd03/hive_2017-04-04_13-38-59_958_5195158624274900267-1/-mr-10001
51	1570	318
PREHOOK: query: FROM T1 a FULL OUTER JOIN T2 c ON c.key+1=a.key SELECT /*+ STREAMTABLE(a) */ sum(hash(a.key)), sum(hash(a.val)), sum(hash(c.key))
PREHOOK: type: QUERY
PREHOOK: Input: default@t1
PREHOOK: Input: default@t2
PREHOOK: Output: hdfs://localhost:58980/Users/selinaz/dev/branch-1.2-skewjoinNPE/hive/itests/qtest/target/tmp/scratchdir/selinaz/170f7c03-641b-42dc-81f8-671b7f83bd03/hive_2017-04-04_13-39-01_875_2045614945552961238-1/-mr-10001
POSTHOOK: query: FROM T1 a FULL OUTER JOIN T2 c ON c.key+1=a.key SELECT /*+ STREAMTABLE(a) */ sum(hash(a.key)), sum(hash(a.val)), sum(hash(c.key))
POSTHOOK: type: QUERY
POSTHOOK: Input: default@t1
POSTHOOK: Input: default@t2
POSTHOOK: Output: hdfs://localhost:58980/Users/selinaz/dev/branch-1.2-skewjoinNPE/hive/itests/qtest/target/tmp/scratchdir/selinaz/170f7c03-641b-42dc-81f8-671b7f83bd03/hive_2017-04-04_13-39-01_875_2045614945552961238-1/-mr-10001
317	9462	318
PREHOOK: query: SELECT sum(hash(src1.key)), sum(hash(src1.val)), sum(hash(src2.key)) FROM T1 src1 LEFT OUTER JOIN T2 src2 ON src1.key+1 = src2.key RIGHT OUTER JOIN T2 src3 ON src2.key = src3.key
PREHOOK: type: QUERY
PREHOOK: Input: default@t1
PREHOOK: Input: default@t2
PREHOOK: Output: hdfs://localhost:58980/Users/selinaz/dev/branch-1.2-skewjoinNPE/hive/itests/qtest/target/tmp/scratchdir/selinaz/170f7c03-641b-42dc-81f8-671b7f83bd03/hive_2017-04-04_13-39-03_355_7471266044186663086-1/-mr-10001
POSTHOOK: query: SELECT sum(hash(src1.key)), sum(hash(src1.val)), sum(hash(src2.key)) FROM T1 src1 LEFT OUTER JOIN T2 src2 ON src1.key+1 = src2.key RIGHT OUTER JOIN T2 src3 ON src2.key = src3.key
POSTHOOK: type: QUERY
POSTHOOK: Input: default@t1
POSTHOOK: Input: default@t2
POSTHOOK: Output: hdfs://localhost:58980/Users/selinaz/dev/branch-1.2-skewjoinNPE/hive/itests/qtest/target/tmp/scratchdir/selinaz/170f7c03-641b-42dc-81f8-671b7f83bd03/hive_2017-04-04_13-39-03_355_7471266044186663086-1/-mr-10001
370	11003	377
PREHOOK: query: SELECT sum(hash(src1.key)), sum(hash(src1.val)), sum(hash(src2.key)) FROM T1 src1 JOIN T2 src2 ON src1.key+1 = src2.key JOIN T2 src3 ON src2.key = src3.key
PREHOOK: type: QUERY
PREHOOK: Input: default@t1
PREHOOK: Input: default@t2
PREHOOK: Output: hdfs://localhost:58980/Users/selinaz/dev/branch-1.2-skewjoinNPE/hive/itests/qtest/target/tmp/scratchdir/selinaz/170f7c03-641b-42dc-81f8-671b7f83bd03/hive_2017-04-04_13-39-08_732_6665835959356292666-1/-mr-10001
POSTHOOK: query: SELECT sum(hash(src1.key)), sum(hash(src1.val)), sum(hash(src2.key)) FROM T1 src1 JOIN T2 src2 ON src1.key+1 = src2.key JOIN T2 src3 ON src2.key = src3.key
POSTHOOK: type: QUERY
POSTHOOK: Input: default@t1
POSTHOOK: Input: default@t2
POSTHOOK: Output: hdfs://localhost:58980/Users/selinaz/dev/branch-1.2-skewjoinNPE/hive/itests/qtest/target/tmp/scratchdir/selinaz/170f7c03-641b-42dc-81f8-671b7f83bd03/hive_2017-04-04_13-39-08_732_6665835959356292666-1/-mr-10001
370	11003	377
PREHOOK: query: select /*+ mapjoin(v)*/ sum(hash(k.key)), sum(hash(v.val)) from T1 k left outer join T1 v on k.key+1=v.key
PREHOOK: type: QUERY
PREHOOK: Input: default@t1
PREHOOK: Output: hdfs://localhost:58980/Users/selinaz/dev/branch-1.2-skewjoinNPE/hive/itests/qtest/target/tmp/scratchdir/selinaz/170f7c03-641b-42dc-81f8-671b7f83bd03/hive_2017-04-04_13-39-10_457_5199870759915301927-1/-mr-10001
POSTHOOK: query: select /*+ mapjoin(v)*/ sum(hash(k.key)), sum(hash(v.val)) from T1 k left outer join T1 v on k.key+1=v.key
POSTHOOK: type: QUERY
POSTHOOK: Input: default@t1
POSTHOOK: Output: hdfs://localhost:58980/Users/selinaz/dev/branch-1.2-skewjoinNPE/hive/itests/qtest/target/tmp/scratchdir/selinaz/170f7c03-641b-42dc-81f8-671b7f83bd03/hive_2017-04-04_13-39-10_457_5199870759915301927-1/-mr-10001
372	6320
